<?xml version="1.0" encoding="UTF-8"?>
<testng-results ignored="0" total="2" passed="2" failed="0" skipped="0">
  <reporter-output>
  </reporter-output>
  <suite started-at="2021-04-08T21:15:29 IST" name="Suite" finished-at="2021-04-08T21:15:47 IST" duration-ms="18202">
    <groups>
    </groups>
    <test started-at="2021-04-08T21:15:29 IST" name="Test" finished-at="2021-04-08T21:15:47 IST" duration-ms="18202">
      <class name="com.mcms.selenium.TestWebApp">
        <test-method signature="test_Selenium_First()[pri:1, instance:com.mcms.selenium.TestWebApp@101df177]" started-at="2021-04-08T21:15:29 IST" name="test_Selenium_First" finished-at="2021-04-08T21:15:38 IST" duration-ms="8943" status="PASS">
          <reporter-output>
          </reporter-output>
        </test-method> <!-- test_Selenium_First -->
        <test-method signature="test_Selenium_Second()[pri:2, instance:com.mcms.selenium.TestWebApp@101df177]" started-at="2021-04-08T21:15:38 IST" name="test_Selenium_Second" finished-at="2021-04-08T21:15:47 IST" duration-ms="9228" status="PASS">
          <reporter-output>
          </reporter-output>
        </test-method> <!-- test_Selenium_Second -->
      </class> <!-- com.mcms.selenium.TestWebApp -->
    </test> <!-- Test -->
  </suite> <!-- Suite -->
</testng-results>
