<?xml version="1.0" encoding="UTF-8"?>
<testsuite xmlns:xsi="http://www.w3.org/2001/XMLSchema-instance" xsi:noNamespaceSchemaLocation="https://maven.apache.org/surefire/maven-surefire-plugin/xsd/surefire-test-report.xsd" name="TestSuite" time="18.655" tests="2" errors="0" skipped="0" failures="0">
  <properties>
[...]
</properties>
  <testcase name="test_Selenium_First" classname="com.mcms.selenium.TestWebApp" time="8.943"/>
  <testcase name="test_Selenium_Second" classname="com.mcms.selenium.TestWebApp" time="9.228"/>
</testsuite>